{
  "RSpec": {
    "coverage": {
      "/Users/aileencacayorin/Desktop/stack_overflow_clone/spec/models/question_spec.rb": [
        1,
        null,
        1,
        2,
        2,
        null,
        2,
        null,
        null
      ],
      "/Users/aileencacayorin/Desktop/stack_overflow_clone/spec/rails_helper.rb": [
        null,
        1,
        1,
        null,
        1,
        1,
        1,
        null,
        null,
        null,
        null,
        null,
        null,
        null,
        null,
        null,
        null,
        null,
        null,
        null,
        null,
        null,
        null,
        null,
        null,
        null,
        1,
        null,
        1,
        null,
        1,
        null,
        null,
        null,
        null,
        1,
        null,
        null,
        null,
        null,
        null,
        null,
        null,
        null,
        null,
        null,
        null,
        null,
        null,
        null,
        1,
        null,
        1,
        null,
        null,
        1,
        1,
        1,
        1,
        null,
        null
      ],
      "/Users/aileencacayorin/Desktop/stack_overflow_clone/config/environment.rb": [
        null,
        1,
        null,
        null,
        1
      ],
      "/Users/aileencacayorin/Desktop/stack_overflow_clone/config/application.rb": [
        1,
        null,
        1,
        null,
        1,
        1,
        1,
        1,
        1,
        1,
        1,
        null,
        null,
        null,
        null,
        1,
        null,
        1,
        1,
        null,
        null,
        null,
        null,
        null,
        null,
        null,
        null,
        null,
        null,
        null,
        null,
        null,
        1,
        null,
        null
      ],
      "/Users/aileencacayorin/Desktop/stack_overflow_clone/config/boot.rb": [
        1,
        null,
        1
      ],
      "/Users/aileencacayorin/Desktop/stack_overflow_clone/config/environments/test.rb": [
        1,
        null,
        null,
        null,
        null,
        null,
        null,
        1,
        null,
        null,
        null,
        null,
        1,
        null,
        null,
        1,
        1,
        null,
        null,
        1,
        1,
        null,
        null,
        1,
        null,
        null,
        1,
        null,
        null,
        null,
        null,
        1,
        null,
        null,
        1,
        null,
        null,
        1,
        null,
        null,
        null,
        null
      ],
      "/Users/aileencacayorin/Desktop/stack_overflow_clone/config/initializers/assets.rb": [
        null,
        null,
        null,
        1,
        null,
        null,
        null,
        null,
        null,
        null,
        null
      ],
      "/Users/aileencacayorin/Desktop/stack_overflow_clone/config/initializers/backtrace_silencers.rb": [
        null,
        null,
        null,
        null,
        null,
        null,
        null
      ],
      "/Users/aileencacayorin/Desktop/stack_overflow_clone/config/initializers/cookies_serializer.rb": [
        null,
        null,
        1
      ],
      "/Users/aileencacayorin/Desktop/stack_overflow_clone/config/initializers/filter_parameter_logging.rb": [
        null,
        null,
        null,
        1
      ],
      "/Users/aileencacayorin/Desktop/stack_overflow_clone/config/initializers/inflections.rb": [
        null,
        null,
        null,
        null,
        null,
        null,
        null,
        null,
        null,
        null,
        null,
        null,
        null,
        null,
        null,
        null
      ],
      "/Users/aileencacayorin/Desktop/stack_overflow_clone/config/initializers/mime_types.rb": [
        null,
        null,
        null,
        null
      ],
      "/Users/aileencacayorin/Desktop/stack_overflow_clone/config/initializers/session_store.rb": [
        null,
        null,
        1
      ],
      "/Users/aileencacayorin/Desktop/stack_overflow_clone/config/initializers/wrap_parameters.rb": [
        null,
        null,
        null,
        null,
        null,
        null,
        1,
        1,
        null,
        null,
        null,
        null,
        null,
        null
      ],
      "/Users/aileencacayorin/Desktop/stack_overflow_clone/app/controllers/application_controller.rb": [
        1,
        null,
        null,
        1,
        null,
        1,
        null,
        1,
        0,
        null,
        null,
        1,
        null,
        null
      ],
      "/Users/aileencacayorin/Desktop/stack_overflow_clone/app/helpers/application_helper.rb": [
        1,
        null
      ],
      "/Users/aileencacayorin/Desktop/stack_overflow_clone/app/controllers/home_controller.rb": [
        1,
        1,
        null,
        null
      ],
      "/Users/aileencacayorin/Desktop/stack_overflow_clone/app/controllers/sessions_controller.rb": [
        1,
        null,
        1,
        null,
        null,
        1,
        0,
        0,
        0,
        0,
        0,
        null,
        0,
        0,
        null,
        null,
        null,
        1,
        0,
        0,
        0,
        null,
        null,
        null
      ],
      "/Users/aileencacayorin/Desktop/stack_overflow_clone/app/controllers/users_controller.rb": [
        1,
        null,
        1,
        0,
        null,
        null,
        1,
        0,
        0,
        0,
        0,
        0,
        null,
        0,
        0,
        null,
        null,
        null,
        1,
        null,
        1,
        0,
        null,
        null,
        null
      ],
      "/Users/aileencacayorin/Desktop/stack_overflow_clone/app/models/question.rb": [
        1,
        1,
        1,
        null,
        1,
        1,
        null
      ],
      "/Users/aileencacayorin/Desktop/stack_overflow_clone/app/models/user.rb": [
        1,
        1,
        1,
        null,
        null,
        1,
        null,
        null,
        null,
        null,
        null,
        null,
        null
      ],
      "/Users/aileencacayorin/Desktop/stack_overflow_clone/spec/factories.rb": [
        null,
        1,
        null,
        1,
        1,
        1,
        1,
        null,
        null,
        null,
        null
      ],
      "/Users/aileencacayorin/Desktop/stack_overflow_clone/config/routes.rb": [
        1,
        null,
        1,
        null,
        1,
        1,
        1,
        null,
        1,
        1,
        null,
        null,
        null,
        null,
        null,
        null,
        null,
        null,
        null,
        null,
        null,
        null,
        null,
        null,
        null,
        null,
        null,
        null,
        null,
        null,
        null,
        null,
        null,
        null,
        null,
        null,
        null,
        null,
        null,
        null,
        null,
        null,
        null,
        null,
        null,
        null,
        null,
        null,
        null,
        null,
        null,
        null,
        null,
        null,
        null,
        null,
        null,
        null,
        null,
        null,
        null,
        null,
        null,
        null,
        null
      ],
      "/Users/aileencacayorin/Desktop/stack_overflow_clone/spec/models/user_spec.rb": [
        1,
        null,
        1,
        2,
        2,
        2,
        null,
        null,
        1,
        1,
        1,
        null,
        null,
        null
      ]
    },
    "timestamp": 1445315313
  }
}
